<?xml version="1.0" encoding="UTF-8"?>
<!-- Generated by org.testng.reporters.JUnitReportReporter -->
<testsuite hostname="LAPTOP-8P6DPJ13" failures="0" tests="1" name="com.sevenrmartsupermarket.tests.AdminUsersTest" time="9.135" errors="0" timestamp="2025-03-11T20:51:03 IST" skipped="0">
  <testcase classname="com.sevenrmartsupermarket.tests.AdminUsersTest" name="verifyAdminUserHeader" time="9.135"/>
</testsuite> <!-- com.sevenrmartsupermarket.tests.AdminUsersTest -->
