<?xml version="1.0" encoding="UTF-8"?>
<!-- Generated by org.testng.reporters.JUnitReportReporter -->
<testsuite hostname="LAPTOP-8P6DPJ13" failures="0" tests="1" name="com.sevenrmartsupermarket.tests.CategoryTest" time="10.259" errors="0" timestamp="2025-03-13T20:14:49 IST" skipped="0">
  <testcase classname="com.sevenrmartsupermarket.tests.CategoryTest" name="verifySearchButtonClick" time="10.259"/>
</testsuite> <!-- com.sevenrmartsupermarket.tests.CategoryTest -->
